<?xml version="1.0" encoding="UTF-8"?>
<!-- Generated by org.testng.reporters.JUnitReportReporter -->
<testsuite name="testcase.ShrineAutomation" tests="1" time="67.217" ignored="0" failures="0" timestamp="01 Mar 2022 03:36:45 GMT" skipped="0" hostname="DNID0822L01.local" errors="0">
  <testcase name="SelectProduct" time="67.217" classname="testcase.ShrineAutomation"/>
</testsuite> <!-- testcase.ShrineAutomation -->
